********************************************************************************
DUPLICATOR-LITE PACKAGE-LOG: 11 March 2021 17:21
NOTICE: Do NOT post to public sites or forums 
********************************************************************************
VERSION:	1.3.24
WORDPRESS:	5.3.6
PHP INFO:	7.4.12 | SAPI: apache2handler
SERVER:		Apache/2.4.46 (Win64) OpenSSL/1.1.1h PHP/7.4.12 
PHP TIME LIMIT: (0) no time limit imposed 
PHP MAX MEMORY: 4294967296 (512M default) 
MEMORY STACK: 14MB

********************************************************************************
DATABASE:
********************************************************************************
BUILD MODE:   MYSQLDUMP
MYSQLTIMEOUT: 5000
MYSQLDUMP:    Is Supported
SQL CREATED: 110321_codominio_c2c26f453024f0524277_20210311171915_database.sql
SQL FILE SIZE: 1.51MB (1583188)
SQL FILE TIME: 2021-03-11 17:21:59
SQL RUNTIME: 2.88 sec.

********************************************************************************
ARCHIVE (ZIP):
********************************************************************************
ARCHIVE DIR:  C:/xampp/htdocs/cond24
ARCHIVE FILE: 110321_codominio_c2c26f453024f0524277_20210311171915_archive.zip
FILTERS: *OFF*
DIRS:
	not set
FILES:
	not set
EXTS:  not set
----------------------------------------
COMPRESSING
SIZE:	98.3MB
STATS:	Dirs 494 | Files 3,800
SQL ADDED: 110321_codominio_c2c26f453024f0524277_20210311171915_database.sql
ZipArchive Object
(
    [status] => 0
    [statusSys] => 0
    [numFiles] => 4294
    [filename] => C:\xampp\htdocs\cond24\wp-snapshots\tmp\110321_codominio_c2c26f453024f0524277_20210311171915_archive.zip
    [comment] => 
)

FILE ADDED TO ZIP: 4293
COMPRESSION RESULT: '1'
COMPRESSED SIZE: 45.76MB
ARCHIVE RUNTIME: 90.61 sec.
MEMORY STACK: 14MB
building installer
add_extra_files1
add_extra_files2
add_extra_files3
add_extra_files4
Doing archive file check
add_extra_files5
add_extra_files6
add_extra_files8
Successfully opened zip C:/xampp/htdocs/cond24/wp-snapshots/tmp/110321_codominio_c2c26f453024f0524277_20210311171915_archive.zip
Adding enhanced installer files to archive using ZipArchive
Installer files added to archive
Added to archive
After ziparchive close when adding installer

********************************************************************************
INTEGRITY CHECKS:
********************************************************************************
SQL FILE: 1.51MB
INSTALLER FILE: 60.53KB
ARCHIVE FILE: 47.08MB 
EXPECTED FILE/DIRECTORY COUNT: 4,294
ACTUAL FILE/DIRECTORY COUNT: 4,293
ARCHIVE CONSISTENCY TEST: Pass

********************************************************************************
RECORD ID:[8]
TOTAL PROCESS RUNTIME: 94.54 sec.
PEAK PHP MEMORY USED: 16MB
DONE PROCESSING => 110321_codominio 11 March 2021 17:23

